/!\ FAILSAFE /!\  Sat Apr 04 15:57:09 +0200 2009
  Status: 500 Internal Server Error
  FATAL:  database "datepicker_dev" does not exist

    /Users/mikz/.gem/ruby/1.8/gems/activerecord-2.3.2/lib/active_record/connection_adapters/postgresql_adapter.rb:916:in `initialize'
    /Users/mikz/.gem/ruby/1.8/gems/activerecord-2.3.2/lib/active_record/connection_adapters/postgresql_adapter.rb:916:in `connect'
    /Users/mikz/.gem/ruby/1.8/gems/activerecord-2.3.2/lib/active_record/connection_adapters/postgresql_adapter.rb:916:in `connect'
    /Users/mikz/.gem/ruby/1.8/gems/activerecord-2.3.2/lib/active_record/connection_adapters/postgresql_adapter.rb:210:in `initialize'
    /Users/mikz/.gem/ruby/1.8/gems/activerecord-2.3.2/lib/active_record/connection_adapters/postgresql_adapter.rb:37:in `new'
    /Users/mikz/.gem/ruby/1.8/gems/activerecord-2.3.2/lib/active_record/connection_adapters/postgresql_adapter.rb:37:in `postgresql_connection'
    /Users/mikz/.gem/ruby/1.8/gems/activerecord-2.3.2/lib/active_record/connection_adapters/abstract/connection_pool.rb:223:in `send'
    /Users/mikz/.gem/ruby/1.8/gems/activerecord-2.3.2/lib/active_record/connection_adapters/abstract/connection_pool.rb:223:in `new_connection'
    /Users/mikz/.gem/ruby/1.8/gems/activerecord-2.3.2/lib/active_record/connection_adapters/abstract/connection_pool.rb:245:in `checkout_new_connection'
    /Users/mikz/.gem/ruby/1.8/gems/activerecord-2.3.2/lib/active_record/connection_adapters/abstract/connection_pool.rb:188:in `checkout'
    /Users/mikz/.gem/ruby/1.8/gems/activerecord-2.3.2/lib/active_record/connection_adapters/abstract/connection_pool.rb:184:in `loop'
    /Users/mikz/.gem/ruby/1.8/gems/activerecord-2.3.2/lib/active_record/connection_adapters/abstract/connection_pool.rb:184:in `checkout'
    /opt/local/lib/ruby/1.8/monitor.rb:242:in `synchronize'
    /Users/mikz/.gem/ruby/1.8/gems/activerecord-2.3.2/lib/active_record/connection_adapters/abstract/connection_pool.rb:183:in `checkout'
    /Users/mikz/.gem/ruby/1.8/gems/activerecord-2.3.2/lib/active_record/connection_adapters/abstract/connection_pool.rb:98:in `connection'
    /Users/mikz/.gem/ruby/1.8/gems/activerecord-2.3.2/lib/active_record/connection_adapters/abstract/connection_pool.rb:326:in `retrieve_connection'
    /Users/mikz/.gem/ruby/1.8/gems/activerecord-2.3.2/lib/active_record/connection_adapters/abstract/connection_specification.rb:123:in `retrieve_connection'
    /Users/mikz/.gem/ruby/1.8/gems/activerecord-2.3.2/lib/active_record/connection_adapters/abstract/connection_specification.rb:115:in `connection'
    /Users/mikz/.gem/ruby/1.8/gems/activerecord-2.3.2/lib/active_record/query_cache.rb:9:in `cache'
    /Users/mikz/.gem/ruby/1.8/gems/activerecord-2.3.2/lib/active_record/query_cache.rb:28:in `call'
    /Users/mikz/.gem/ruby/1.8/gems/activerecord-2.3.2/lib/active_record/connection_adapters/abstract/connection_pool.rb:361:in `call'
    /Users/mikz/.gem/ruby/1.8/gems/actionpack-2.3.2/lib/action_controller/vendor/rack-1.0/rack/head.rb:9:in `call'
    /Users/mikz/.gem/ruby/1.8/gems/actionpack-2.3.2/lib/action_controller/vendor/rack-1.0/rack/methodoverride.rb:24:in `call'
    /Users/mikz/.gem/ruby/1.8/gems/actionpack-2.3.2/lib/action_controller/params_parser.rb:15:in `call'
    /Users/mikz/.gem/ruby/1.8/gems/actionpack-2.3.2/lib/action_controller/rewindable_input.rb:25:in `call'
    /Users/mikz/.gem/ruby/1.8/gems/actionpack-2.3.2/lib/action_controller/session/cookie_store.rb:93:in `call'
    /Users/mikz/.gem/ruby/1.8/gems/actionpack-2.3.2/lib/action_controller/reloader.rb:9:in `call'
    /Users/mikz/.gem/ruby/1.8/gems/actionpack-2.3.2/lib/action_controller/failsafe.rb:11:in `call'
    /Users/mikz/.gem/ruby/1.8/gems/actionpack-2.3.2/lib/action_controller/vendor/rack-1.0/rack/lock.rb:11:in `call'
    /Users/mikz/.gem/ruby/1.8/gems/actionpack-2.3.2/lib/action_controller/vendor/rack-1.0/rack/lock.rb:11:in `synchronize'
    /Users/mikz/.gem/ruby/1.8/gems/actionpack-2.3.2/lib/action_controller/vendor/rack-1.0/rack/lock.rb:11:in `call'
    /Users/mikz/.gem/ruby/1.8/gems/actionpack-2.3.2/lib/action_controller/dispatcher.rb:106:in `call'
    /Users/mikz/.gem/ruby/1.8/gems/actionpack-2.3.2/lib/action_controller/cgi_process.rb:44:in `dispatch_cgi'
    /Users/mikz/.gem/ruby/1.8/gems/actionpack-2.3.2/lib/action_controller/dispatcher.rb:102:in `dispatch_cgi'
    /Users/mikz/.gem/ruby/1.8/gems/actionpack-2.3.2/lib/action_controller/dispatcher.rb:28:in `dispatch'
    /Users/mikz/.gem/ruby/1.8/gems/mongrel-1.1.5/bin/../lib/mongrel/rails.rb:76:in `process'
    /Users/mikz/.gem/ruby/1.8/gems/mongrel-1.1.5/bin/../lib/mongrel/rails.rb:74:in `synchronize'
    /Users/mikz/.gem/ruby/1.8/gems/mongrel-1.1.5/bin/../lib/mongrel/rails.rb:74:in `process'
    /Users/mikz/.gem/ruby/1.8/gems/mongrel-1.1.5/bin/../lib/mongrel.rb:159:in `process_client'
    /Users/mikz/.gem/ruby/1.8/gems/mongrel-1.1.5/bin/../lib/mongrel.rb:158:in `each'
    /Users/mikz/.gem/ruby/1.8/gems/mongrel-1.1.5/bin/../lib/mongrel.rb:158:in `process_client'
    /Users/mikz/.gem/ruby/1.8/gems/mongrel-1.1.5/bin/../lib/mongrel.rb:285:in `run'
    /Users/mikz/.gem/ruby/1.8/gems/mongrel-1.1.5/bin/../lib/mongrel.rb:285:in `initialize'
    /Users/mikz/.gem/ruby/1.8/gems/mongrel-1.1.5/bin/../lib/mongrel.rb:285:in `new'
    /Users/mikz/.gem/ruby/1.8/gems/mongrel-1.1.5/bin/../lib/mongrel.rb:285:in `run'
    /Users/mikz/.gem/ruby/1.8/gems/mongrel-1.1.5/bin/../lib/mongrel.rb:268:in `initialize'
    /Users/mikz/.gem/ruby/1.8/gems/mongrel-1.1.5/bin/../lib/mongrel.rb:268:in `new'
    /Users/mikz/.gem/ruby/1.8/gems/mongrel-1.1.5/bin/../lib/mongrel.rb:268:in `run'
    /Users/mikz/.gem/ruby/1.8/gems/mongrel-1.1.5/bin/../lib/mongrel/configurator.rb:282:in `run'
    /Users/mikz/.gem/ruby/1.8/gems/mongrel-1.1.5/bin/../lib/mongrel/configurator.rb:281:in `each'
    /Users/mikz/.gem/ruby/1.8/gems/mongrel-1.1.5/bin/../lib/mongrel/configurator.rb:281:in `run'
    /Users/mikz/.gem/ruby/1.8/gems/mongrel-1.1.5/bin/mongrel_rails:128:in `run'
    /Users/mikz/.gem/ruby/1.8/gems/mongrel-1.1.5/bin/../lib/mongrel/command.rb:212:in `run'
    /Users/mikz/.gem/ruby/1.8/gems/mongrel-1.1.5/bin/mongrel_rails:281
    /Users/mikz/.gem/ruby/1.8/bin/mongrel_rails:19:in `load'
    /Users/mikz/.gem/ruby/1.8/bin/mongrel_rails:19
/!\ FAILSAFE /!\  Sat Apr 04 15:57:09 +0200 2009
  Status: 500 Internal Server Error
  FATAL:  database "datepicker_dev" does not exist

    /Users/mikz/.gem/ruby/1.8/gems/activerecord-2.3.2/lib/active_record/connection_adapters/postgresql_adapter.rb:916:in `initialize'
    /Users/mikz/.gem/ruby/1.8/gems/activerecord-2.3.2/lib/active_record/connection_adapters/postgresql_adapter.rb:916:in `connect'
    /Users/mikz/.gem/ruby/1.8/gems/activerecord-2.3.2/lib/active_record/connection_adapters/postgresql_adapter.rb:916:in `connect'
    /Users/mikz/.gem/ruby/1.8/gems/activerecord-2.3.2/lib/active_record/connection_adapters/postgresql_adapter.rb:210:in `initialize'
    /Users/mikz/.gem/ruby/1.8/gems/activerecord-2.3.2/lib/active_record/connection_adapters/postgresql_adapter.rb:37:in `new'
    /Users/mikz/.gem/ruby/1.8/gems/activerecord-2.3.2/lib/active_record/connection_adapters/postgresql_adapter.rb:37:in `postgresql_connection'
    /Users/mikz/.gem/ruby/1.8/gems/activerecord-2.3.2/lib/active_record/connection_adapters/abstract/connection_pool.rb:223:in `send'
    /Users/mikz/.gem/ruby/1.8/gems/activerecord-2.3.2/lib/active_record/connection_adapters/abstract/connection_pool.rb:223:in `new_connection'
    /Users/mikz/.gem/ruby/1.8/gems/activerecord-2.3.2/lib/active_record/connection_adapters/abstract/connection_pool.rb:245:in `checkout_new_connection'
    /Users/mikz/.gem/ruby/1.8/gems/activerecord-2.3.2/lib/active_record/connection_adapters/abstract/connection_pool.rb:188:in `checkout'
    /Users/mikz/.gem/ruby/1.8/gems/activerecord-2.3.2/lib/active_record/connection_adapters/abstract/connection_pool.rb:184:in `loop'
    /Users/mikz/.gem/ruby/1.8/gems/activerecord-2.3.2/lib/active_record/connection_adapters/abstract/connection_pool.rb:184:in `checkout'
    /opt/local/lib/ruby/1.8/monitor.rb:242:in `synchronize'
    /Users/mikz/.gem/ruby/1.8/gems/activerecord-2.3.2/lib/active_record/connection_adapters/abstract/connection_pool.rb:183:in `checkout'
    /Users/mikz/.gem/ruby/1.8/gems/activerecord-2.3.2/lib/active_record/connection_adapters/abstract/connection_pool.rb:98:in `connection'
    /Users/mikz/.gem/ruby/1.8/gems/activerecord-2.3.2/lib/active_record/connection_adapters/abstract/connection_pool.rb:326:in `retrieve_connection'
    /Users/mikz/.gem/ruby/1.8/gems/activerecord-2.3.2/lib/active_record/connection_adapters/abstract/connection_specification.rb:123:in `retrieve_connection'
    /Users/mikz/.gem/ruby/1.8/gems/activerecord-2.3.2/lib/active_record/connection_adapters/abstract/connection_specification.rb:115:in `connection'
    /Users/mikz/.gem/ruby/1.8/gems/activerecord-2.3.2/lib/active_record/query_cache.rb:9:in `cache'
    /Users/mikz/.gem/ruby/1.8/gems/activerecord-2.3.2/lib/active_record/query_cache.rb:28:in `call'
    /Users/mikz/.gem/ruby/1.8/gems/activerecord-2.3.2/lib/active_record/connection_adapters/abstract/connection_pool.rb:361:in `call'
    /Users/mikz/.gem/ruby/1.8/gems/actionpack-2.3.2/lib/action_controller/vendor/rack-1.0/rack/head.rb:9:in `call'
    /Users/mikz/.gem/ruby/1.8/gems/actionpack-2.3.2/lib/action_controller/vendor/rack-1.0/rack/methodoverride.rb:24:in `call'
    /Users/mikz/.gem/ruby/1.8/gems/actionpack-2.3.2/lib/action_controller/params_parser.rb:15:in `call'
    /Users/mikz/.gem/ruby/1.8/gems/actionpack-2.3.2/lib/action_controller/rewindable_input.rb:25:in `call'
    /Users/mikz/.gem/ruby/1.8/gems/actionpack-2.3.2/lib/action_controller/session/cookie_store.rb:93:in `call'
    /Users/mikz/.gem/ruby/1.8/gems/actionpack-2.3.2/lib/action_controller/reloader.rb:9:in `call'
    /Users/mikz/.gem/ruby/1.8/gems/actionpack-2.3.2/lib/action_controller/failsafe.rb:11:in `call'
    /Users/mikz/.gem/ruby/1.8/gems/actionpack-2.3.2/lib/action_controller/vendor/rack-1.0/rack/lock.rb:11:in `call'
    /Users/mikz/.gem/ruby/1.8/gems/actionpack-2.3.2/lib/action_controller/vendor/rack-1.0/rack/lock.rb:11:in `synchronize'
    /Users/mikz/.gem/ruby/1.8/gems/actionpack-2.3.2/lib/action_controller/vendor/rack-1.0/rack/lock.rb:11:in `call'
    /Users/mikz/.gem/ruby/1.8/gems/actionpack-2.3.2/lib/action_controller/dispatcher.rb:106:in `call'
    /Users/mikz/.gem/ruby/1.8/gems/actionpack-2.3.2/lib/action_controller/cgi_process.rb:44:in `dispatch_cgi'
    /Users/mikz/.gem/ruby/1.8/gems/actionpack-2.3.2/lib/action_controller/dispatcher.rb:102:in `dispatch_cgi'
    /Users/mikz/.gem/ruby/1.8/gems/actionpack-2.3.2/lib/action_controller/dispatcher.rb:28:in `dispatch'
    /Users/mikz/.gem/ruby/1.8/gems/mongrel-1.1.5/bin/../lib/mongrel/rails.rb:76:in `process'
    /Users/mikz/.gem/ruby/1.8/gems/mongrel-1.1.5/bin/../lib/mongrel/rails.rb:74:in `synchronize'
    /Users/mikz/.gem/ruby/1.8/gems/mongrel-1.1.5/bin/../lib/mongrel/rails.rb:74:in `process'
    /Users/mikz/.gem/ruby/1.8/gems/mongrel-1.1.5/bin/../lib/mongrel.rb:159:in `process_client'
    /Users/mikz/.gem/ruby/1.8/gems/mongrel-1.1.5/bin/../lib/mongrel.rb:158:in `each'
    /Users/mikz/.gem/ruby/1.8/gems/mongrel-1.1.5/bin/../lib/mongrel.rb:158:in `process_client'
    /Users/mikz/.gem/ruby/1.8/gems/mongrel-1.1.5/bin/../lib/mongrel.rb:285:in `run'
    /Users/mikz/.gem/ruby/1.8/gems/mongrel-1.1.5/bin/../lib/mongrel.rb:285:in `initialize'
    /Users/mikz/.gem/ruby/1.8/gems/mongrel-1.1.5/bin/../lib/mongrel.rb:285:in `new'
    /Users/mikz/.gem/ruby/1.8/gems/mongrel-1.1.5/bin/../lib/mongrel.rb:285:in `run'
    /Users/mikz/.gem/ruby/1.8/gems/mongrel-1.1.5/bin/../lib/mongrel.rb:268:in `initialize'
    /Users/mikz/.gem/ruby/1.8/gems/mongrel-1.1.5/bin/../lib/mongrel.rb:268:in `new'
    /Users/mikz/.gem/ruby/1.8/gems/mongrel-1.1.5/bin/../lib/mongrel.rb:268:in `run'
    /Users/mikz/.gem/ruby/1.8/gems/mongrel-1.1.5/bin/../lib/mongrel/configurator.rb:282:in `run'
    /Users/mikz/.gem/ruby/1.8/gems/mongrel-1.1.5/bin/../lib/mongrel/configurator.rb:281:in `each'
    /Users/mikz/.gem/ruby/1.8/gems/mongrel-1.1.5/bin/../lib/mongrel/configurator.rb:281:in `run'
    /Users/mikz/.gem/ruby/1.8/gems/mongrel-1.1.5/bin/mongrel_rails:128:in `run'
    /Users/mikz/.gem/ruby/1.8/gems/mongrel-1.1.5/bin/../lib/mongrel/command.rb:212:in `run'
    /Users/mikz/.gem/ruby/1.8/gems/mongrel-1.1.5/bin/mongrel_rails:281
    /Users/mikz/.gem/ruby/1.8/bin/mongrel_rails:19:in `load'
    /Users/mikz/.gem/ruby/1.8/bin/mongrel_rails:19
/!\ FAILSAFE /!\  Sat Apr 04 15:58:52 +0200 2009
  Status: 500 Internal Server Error
  FATAL:  database "datepicker_dev" does not exist

    /Users/mikz/.gem/ruby/1.8/gems/activerecord-2.3.2/lib/active_record/connection_adapters/postgresql_adapter.rb:916:in `initialize'
    /Users/mikz/.gem/ruby/1.8/gems/activerecord-2.3.2/lib/active_record/connection_adapters/postgresql_adapter.rb:916:in `connect'
    /Users/mikz/.gem/ruby/1.8/gems/activerecord-2.3.2/lib/active_record/connection_adapters/postgresql_adapter.rb:916:in `connect'
    /Users/mikz/.gem/ruby/1.8/gems/activerecord-2.3.2/lib/active_record/connection_adapters/postgresql_adapter.rb:210:in `initialize'
    /Users/mikz/.gem/ruby/1.8/gems/activerecord-2.3.2/lib/active_record/connection_adapters/postgresql_adapter.rb:37:in `new'
    /Users/mikz/.gem/ruby/1.8/gems/activerecord-2.3.2/lib/active_record/connection_adapters/postgresql_adapter.rb:37:in `postgresql_connection'
    /Users/mikz/.gem/ruby/1.8/gems/activerecord-2.3.2/lib/active_record/connection_adapters/abstract/connection_pool.rb:223:in `send'
    /Users/mikz/.gem/ruby/1.8/gems/activerecord-2.3.2/lib/active_record/connection_adapters/abstract/connection_pool.rb:223:in `new_connection'
    /Users/mikz/.gem/ruby/1.8/gems/activerecord-2.3.2/lib/active_record/connection_adapters/abstract/connection_pool.rb:245:in `checkout_new_connection'
    /Users/mikz/.gem/ruby/1.8/gems/activerecord-2.3.2/lib/active_record/connection_adapters/abstract/connection_pool.rb:188:in `checkout'
    /Users/mikz/.gem/ruby/1.8/gems/activerecord-2.3.2/lib/active_record/connection_adapters/abstract/connection_pool.rb:184:in `loop'
    /Users/mikz/.gem/ruby/1.8/gems/activerecord-2.3.2/lib/active_record/connection_adapters/abstract/connection_pool.rb:184:in `checkout'
    /opt/local/lib/ruby/1.8/monitor.rb:242:in `synchronize'
    /Users/mikz/.gem/ruby/1.8/gems/activerecord-2.3.2/lib/active_record/connection_adapters/abstract/connection_pool.rb:183:in `checkout'
    /Users/mikz/.gem/ruby/1.8/gems/activerecord-2.3.2/lib/active_record/connection_adapters/abstract/connection_pool.rb:98:in `connection'
    /Users/mikz/.gem/ruby/1.8/gems/activerecord-2.3.2/lib/active_record/connection_adapters/abstract/connection_pool.rb:326:in `retrieve_connection'
    /Users/mikz/.gem/ruby/1.8/gems/activerecord-2.3.2/lib/active_record/connection_adapters/abstract/connection_specification.rb:123:in `retrieve_connection'
    /Users/mikz/.gem/ruby/1.8/gems/activerecord-2.3.2/lib/active_record/connection_adapters/abstract/connection_specification.rb:115:in `connection'
    /Users/mikz/.gem/ruby/1.8/gems/activerecord-2.3.2/lib/active_record/query_cache.rb:9:in `cache'
    /Users/mikz/.gem/ruby/1.8/gems/activerecord-2.3.2/lib/active_record/query_cache.rb:28:in `call'
    /Users/mikz/.gem/ruby/1.8/gems/activerecord-2.3.2/lib/active_record/connection_adapters/abstract/connection_pool.rb:361:in `call'
    /Users/mikz/.gem/ruby/1.8/gems/actionpack-2.3.2/lib/action_controller/vendor/rack-1.0/rack/head.rb:9:in `call'
    /Users/mikz/.gem/ruby/1.8/gems/actionpack-2.3.2/lib/action_controller/vendor/rack-1.0/rack/methodoverride.rb:24:in `call'
    /Users/mikz/.gem/ruby/1.8/gems/actionpack-2.3.2/lib/action_controller/params_parser.rb:15:in `call'
    /Users/mikz/.gem/ruby/1.8/gems/actionpack-2.3.2/lib/action_controller/rewindable_input.rb:25:in `call'
    /Users/mikz/.gem/ruby/1.8/gems/actionpack-2.3.2/lib/action_controller/session/cookie_store.rb:93:in `call'
    /Users/mikz/.gem/ruby/1.8/gems/actionpack-2.3.2/lib/action_controller/reloader.rb:9:in `call'
    /Users/mikz/.gem/ruby/1.8/gems/actionpack-2.3.2/lib/action_controller/failsafe.rb:11:in `call'
    /Users/mikz/.gem/ruby/1.8/gems/actionpack-2.3.2/lib/action_controller/vendor/rack-1.0/rack/lock.rb:11:in `call'
    /Users/mikz/.gem/ruby/1.8/gems/actionpack-2.3.2/lib/action_controller/vendor/rack-1.0/rack/lock.rb:11:in `synchronize'
    /Users/mikz/.gem/ruby/1.8/gems/actionpack-2.3.2/lib/action_controller/vendor/rack-1.0/rack/lock.rb:11:in `call'
    /Users/mikz/.gem/ruby/1.8/gems/actionpack-2.3.2/lib/action_controller/dispatcher.rb:106:in `call'
    /Users/mikz/.gem/ruby/1.8/gems/actionpack-2.3.2/lib/action_controller/cgi_process.rb:44:in `dispatch_cgi'
    /Users/mikz/.gem/ruby/1.8/gems/actionpack-2.3.2/lib/action_controller/dispatcher.rb:102:in `dispatch_cgi'
    /Users/mikz/.gem/ruby/1.8/gems/actionpack-2.3.2/lib/action_controller/dispatcher.rb:28:in `dispatch'
    /Users/mikz/.gem/ruby/1.8/gems/mongrel-1.1.5/bin/../lib/mongrel/rails.rb:76:in `process'
    /Users/mikz/.gem/ruby/1.8/gems/mongrel-1.1.5/bin/../lib/mongrel/rails.rb:74:in `synchronize'
    /Users/mikz/.gem/ruby/1.8/gems/mongrel-1.1.5/bin/../lib/mongrel/rails.rb:74:in `process'
    /Users/mikz/.gem/ruby/1.8/gems/mongrel-1.1.5/bin/../lib/mongrel.rb:159:in `process_client'
    /Users/mikz/.gem/ruby/1.8/gems/mongrel-1.1.5/bin/../lib/mongrel.rb:158:in `each'
    /Users/mikz/.gem/ruby/1.8/gems/mongrel-1.1.5/bin/../lib/mongrel.rb:158:in `process_client'
    /Users/mikz/.gem/ruby/1.8/gems/mongrel-1.1.5/bin/../lib/mongrel.rb:285:in `run'
    /Users/mikz/.gem/ruby/1.8/gems/mongrel-1.1.5/bin/../lib/mongrel.rb:285:in `initialize'
    /Users/mikz/.gem/ruby/1.8/gems/mongrel-1.1.5/bin/../lib/mongrel.rb:285:in `new'
    /Users/mikz/.gem/ruby/1.8/gems/mongrel-1.1.5/bin/../lib/mongrel.rb:285:in `run'
    /Users/mikz/.gem/ruby/1.8/gems/mongrel-1.1.5/bin/../lib/mongrel.rb:268:in `initialize'
    /Users/mikz/.gem/ruby/1.8/gems/mongrel-1.1.5/bin/../lib/mongrel.rb:268:in `new'
    /Users/mikz/.gem/ruby/1.8/gems/mongrel-1.1.5/bin/../lib/mongrel.rb:268:in `run'
    /Users/mikz/.gem/ruby/1.8/gems/mongrel-1.1.5/bin/../lib/mongrel/configurator.rb:282:in `run'
    /Users/mikz/.gem/ruby/1.8/gems/mongrel-1.1.5/bin/../lib/mongrel/configurator.rb:281:in `each'
    /Users/mikz/.gem/ruby/1.8/gems/mongrel-1.1.5/bin/../lib/mongrel/configurator.rb:281:in `run'
    /Users/mikz/.gem/ruby/1.8/gems/mongrel-1.1.5/bin/mongrel_rails:128:in `run'
    /Users/mikz/.gem/ruby/1.8/gems/mongrel-1.1.5/bin/../lib/mongrel/command.rb:212:in `run'
    /Users/mikz/.gem/ruby/1.8/gems/mongrel-1.1.5/bin/mongrel_rails:281
    /Users/mikz/.gem/ruby/1.8/bin/mongrel_rails:19:in `load'
    /Users/mikz/.gem/ruby/1.8/bin/mongrel_rails:19
/!\ FAILSAFE /!\  Sat Apr 04 15:58:52 +0200 2009
  Status: 500 Internal Server Error
  FATAL:  database "datepicker_dev" does not exist

    /Users/mikz/.gem/ruby/1.8/gems/activerecord-2.3.2/lib/active_record/connection_adapters/postgresql_adapter.rb:916:in `initialize'
    /Users/mikz/.gem/ruby/1.8/gems/activerecord-2.3.2/lib/active_record/connection_adapters/postgresql_adapter.rb:916:in `connect'
    /Users/mikz/.gem/ruby/1.8/gems/activerecord-2.3.2/lib/active_record/connection_adapters/postgresql_adapter.rb:916:in `connect'
    /Users/mikz/.gem/ruby/1.8/gems/activerecord-2.3.2/lib/active_record/connection_adapters/postgresql_adapter.rb:210:in `initialize'
    /Users/mikz/.gem/ruby/1.8/gems/activerecord-2.3.2/lib/active_record/connection_adapters/postgresql_adapter.rb:37:in `new'
    /Users/mikz/.gem/ruby/1.8/gems/activerecord-2.3.2/lib/active_record/connection_adapters/postgresql_adapter.rb:37:in `postgresql_connection'
    /Users/mikz/.gem/ruby/1.8/gems/activerecord-2.3.2/lib/active_record/connection_adapters/abstract/connection_pool.rb:223:in `send'
    /Users/mikz/.gem/ruby/1.8/gems/activerecord-2.3.2/lib/active_record/connection_adapters/abstract/connection_pool.rb:223:in `new_connection'
    /Users/mikz/.gem/ruby/1.8/gems/activerecord-2.3.2/lib/active_record/connection_adapters/abstract/connection_pool.rb:245:in `checkout_new_connection'
    /Users/mikz/.gem/ruby/1.8/gems/activerecord-2.3.2/lib/active_record/connection_adapters/abstract/connection_pool.rb:188:in `checkout'
    /Users/mikz/.gem/ruby/1.8/gems/activerecord-2.3.2/lib/active_record/connection_adapters/abstract/connection_pool.rb:184:in `loop'
    /Users/mikz/.gem/ruby/1.8/gems/activerecord-2.3.2/lib/active_record/connection_adapters/abstract/connection_pool.rb:184:in `checkout'
    /opt/local/lib/ruby/1.8/monitor.rb:242:in `synchronize'
    /Users/mikz/.gem/ruby/1.8/gems/activerecord-2.3.2/lib/active_record/connection_adapters/abstract/connection_pool.rb:183:in `checkout'
    /Users/mikz/.gem/ruby/1.8/gems/activerecord-2.3.2/lib/active_record/connection_adapters/abstract/connection_pool.rb:98:in `connection'
    /Users/mikz/.gem/ruby/1.8/gems/activerecord-2.3.2/lib/active_record/connection_adapters/abstract/connection_pool.rb:326:in `retrieve_connection'
    /Users/mikz/.gem/ruby/1.8/gems/activerecord-2.3.2/lib/active_record/connection_adapters/abstract/connection_specification.rb:123:in `retrieve_connection'
    /Users/mikz/.gem/ruby/1.8/gems/activerecord-2.3.2/lib/active_record/connection_adapters/abstract/connection_specification.rb:115:in `connection'
    /Users/mikz/.gem/ruby/1.8/gems/activerecord-2.3.2/lib/active_record/query_cache.rb:9:in `cache'
    /Users/mikz/.gem/ruby/1.8/gems/activerecord-2.3.2/lib/active_record/query_cache.rb:28:in `call'
    /Users/mikz/.gem/ruby/1.8/gems/activerecord-2.3.2/lib/active_record/connection_adapters/abstract/connection_pool.rb:361:in `call'
    /Users/mikz/.gem/ruby/1.8/gems/actionpack-2.3.2/lib/action_controller/vendor/rack-1.0/rack/head.rb:9:in `call'
    /Users/mikz/.gem/ruby/1.8/gems/actionpack-2.3.2/lib/action_controller/vendor/rack-1.0/rack/methodoverride.rb:24:in `call'
    /Users/mikz/.gem/ruby/1.8/gems/actionpack-2.3.2/lib/action_controller/params_parser.rb:15:in `call'
    /Users/mikz/.gem/ruby/1.8/gems/actionpack-2.3.2/lib/action_controller/rewindable_input.rb:25:in `call'
    /Users/mikz/.gem/ruby/1.8/gems/actionpack-2.3.2/lib/action_controller/session/cookie_store.rb:93:in `call'
    /Users/mikz/.gem/ruby/1.8/gems/actionpack-2.3.2/lib/action_controller/reloader.rb:9:in `call'
    /Users/mikz/.gem/ruby/1.8/gems/actionpack-2.3.2/lib/action_controller/failsafe.rb:11:in `call'
    /Users/mikz/.gem/ruby/1.8/gems/actionpack-2.3.2/lib/action_controller/vendor/rack-1.0/rack/lock.rb:11:in `call'
    /Users/mikz/.gem/ruby/1.8/gems/actionpack-2.3.2/lib/action_controller/vendor/rack-1.0/rack/lock.rb:11:in `synchronize'
    /Users/mikz/.gem/ruby/1.8/gems/actionpack-2.3.2/lib/action_controller/vendor/rack-1.0/rack/lock.rb:11:in `call'
    /Users/mikz/.gem/ruby/1.8/gems/actionpack-2.3.2/lib/action_controller/dispatcher.rb:106:in `call'
    /Users/mikz/.gem/ruby/1.8/gems/actionpack-2.3.2/lib/action_controller/cgi_process.rb:44:in `dispatch_cgi'
    /Users/mikz/.gem/ruby/1.8/gems/actionpack-2.3.2/lib/action_controller/dispatcher.rb:102:in `dispatch_cgi'
    /Users/mikz/.gem/ruby/1.8/gems/actionpack-2.3.2/lib/action_controller/dispatcher.rb:28:in `dispatch'
    /Users/mikz/.gem/ruby/1.8/gems/mongrel-1.1.5/bin/../lib/mongrel/rails.rb:76:in `process'
    /Users/mikz/.gem/ruby/1.8/gems/mongrel-1.1.5/bin/../lib/mongrel/rails.rb:74:in `synchronize'
    /Users/mikz/.gem/ruby/1.8/gems/mongrel-1.1.5/bin/../lib/mongrel/rails.rb:74:in `process'
    /Users/mikz/.gem/ruby/1.8/gems/mongrel-1.1.5/bin/../lib/mongrel.rb:159:in `process_client'
    /Users/mikz/.gem/ruby/1.8/gems/mongrel-1.1.5/bin/../lib/mongrel.rb:158:in `each'
    /Users/mikz/.gem/ruby/1.8/gems/mongrel-1.1.5/bin/../lib/mongrel.rb:158:in `process_client'
    /Users/mikz/.gem/ruby/1.8/gems/mongrel-1.1.5/bin/../lib/mongrel.rb:285:in `run'
    /Users/mikz/.gem/ruby/1.8/gems/mongrel-1.1.5/bin/../lib/mongrel.rb:285:in `initialize'
    /Users/mikz/.gem/ruby/1.8/gems/mongrel-1.1.5/bin/../lib/mongrel.rb:285:in `new'
    /Users/mikz/.gem/ruby/1.8/gems/mongrel-1.1.5/bin/../lib/mongrel.rb:285:in `run'
    /Users/mikz/.gem/ruby/1.8/gems/mongrel-1.1.5/bin/../lib/mongrel.rb:268:in `initialize'
    /Users/mikz/.gem/ruby/1.8/gems/mongrel-1.1.5/bin/../lib/mongrel.rb:268:in `new'
    /Users/mikz/.gem/ruby/1.8/gems/mongrel-1.1.5/bin/../lib/mongrel.rb:268:in `run'
    /Users/mikz/.gem/ruby/1.8/gems/mongrel-1.1.5/bin/../lib/mongrel/configurator.rb:282:in `run'
    /Users/mikz/.gem/ruby/1.8/gems/mongrel-1.1.5/bin/../lib/mongrel/configurator.rb:281:in `each'
    /Users/mikz/.gem/ruby/1.8/gems/mongrel-1.1.5/bin/../lib/mongrel/configurator.rb:281:in `run'
    /Users/mikz/.gem/ruby/1.8/gems/mongrel-1.1.5/bin/mongrel_rails:128:in `run'
    /Users/mikz/.gem/ruby/1.8/gems/mongrel-1.1.5/bin/../lib/mongrel/command.rb:212:in `run'
    /Users/mikz/.gem/ruby/1.8/gems/mongrel-1.1.5/bin/mongrel_rails:281
    /Users/mikz/.gem/ruby/1.8/bin/mongrel_rails:19:in `load'
    /Users/mikz/.gem/ruby/1.8/bin/mongrel_rails:19
/!\ FAILSAFE /!\  Sat Apr 04 15:58:53 +0200 2009
  Status: 500 Internal Server Error
  FATAL:  database "datepicker_dev" does not exist

    /Users/mikz/.gem/ruby/1.8/gems/activerecord-2.3.2/lib/active_record/connection_adapters/postgresql_adapter.rb:916:in `initialize'
    /Users/mikz/.gem/ruby/1.8/gems/activerecord-2.3.2/lib/active_record/connection_adapters/postgresql_adapter.rb:916:in `connect'
    /Users/mikz/.gem/ruby/1.8/gems/activerecord-2.3.2/lib/active_record/connection_adapters/postgresql_adapter.rb:916:in `connect'
    /Users/mikz/.gem/ruby/1.8/gems/activerecord-2.3.2/lib/active_record/connection_adapters/postgresql_adapter.rb:210:in `initialize'
    /Users/mikz/.gem/ruby/1.8/gems/activerecord-2.3.2/lib/active_record/connection_adapters/postgresql_adapter.rb:37:in `new'
    /Users/mikz/.gem/ruby/1.8/gems/activerecord-2.3.2/lib/active_record/connection_adapters/postgresql_adapter.rb:37:in `postgresql_connection'
    /Users/mikz/.gem/ruby/1.8/gems/activerecord-2.3.2/lib/active_record/connection_adapters/abstract/connection_pool.rb:223:in `send'
    /Users/mikz/.gem/ruby/1.8/gems/activerecord-2.3.2/lib/active_record/connection_adapters/abstract/connection_pool.rb:223:in `new_connection'
    /Users/mikz/.gem/ruby/1.8/gems/activerecord-2.3.2/lib/active_record/connection_adapters/abstract/connection_pool.rb:245:in `checkout_new_connection'
    /Users/mikz/.gem/ruby/1.8/gems/activerecord-2.3.2/lib/active_record/connection_adapters/abstract/connection_pool.rb:188:in `checkout'
    /Users/mikz/.gem/ruby/1.8/gems/activerecord-2.3.2/lib/active_record/connection_adapters/abstract/connection_pool.rb:184:in `loop'
    /Users/mikz/.gem/ruby/1.8/gems/activerecord-2.3.2/lib/active_record/connection_adapters/abstract/connection_pool.rb:184:in `checkout'
    /opt/local/lib/ruby/1.8/monitor.rb:242:in `synchronize'
    /Users/mikz/.gem/ruby/1.8/gems/activerecord-2.3.2/lib/active_record/connection_adapters/abstract/connection_pool.rb:183:in `checkout'
    /Users/mikz/.gem/ruby/1.8/gems/activerecord-2.3.2/lib/active_record/connection_adapters/abstract/connection_pool.rb:98:in `connection'
    /Users/mikz/.gem/ruby/1.8/gems/activerecord-2.3.2/lib/active_record/connection_adapters/abstract/connection_pool.rb:326:in `retrieve_connection'
    /Users/mikz/.gem/ruby/1.8/gems/activerecord-2.3.2/lib/active_record/connection_adapters/abstract/connection_specification.rb:123:in `retrieve_connection'
    /Users/mikz/.gem/ruby/1.8/gems/activerecord-2.3.2/lib/active_record/connection_adapters/abstract/connection_specification.rb:115:in `connection'
    /Users/mikz/.gem/ruby/1.8/gems/activerecord-2.3.2/lib/active_record/query_cache.rb:9:in `cache'
    /Users/mikz/.gem/ruby/1.8/gems/activerecord-2.3.2/lib/active_record/query_cache.rb:28:in `call'
    /Users/mikz/.gem/ruby/1.8/gems/activerecord-2.3.2/lib/active_record/connection_adapters/abstract/connection_pool.rb:361:in `call'
    /Users/mikz/.gem/ruby/1.8/gems/actionpack-2.3.2/lib/action_controller/vendor/rack-1.0/rack/head.rb:9:in `call'
    /Users/mikz/.gem/ruby/1.8/gems/actionpack-2.3.2/lib/action_controller/vendor/rack-1.0/rack/methodoverride.rb:24:in `call'
    /Users/mikz/.gem/ruby/1.8/gems/actionpack-2.3.2/lib/action_controller/params_parser.rb:15:in `call'
    /Users/mikz/.gem/ruby/1.8/gems/actionpack-2.3.2/lib/action_controller/rewindable_input.rb:25:in `call'
    /Users/mikz/.gem/ruby/1.8/gems/actionpack-2.3.2/lib/action_controller/session/cookie_store.rb:93:in `call'
    /Users/mikz/.gem/ruby/1.8/gems/actionpack-2.3.2/lib/action_controller/reloader.rb:9:in `call'
    /Users/mikz/.gem/ruby/1.8/gems/actionpack-2.3.2/lib/action_controller/failsafe.rb:11:in `call'
    /Users/mikz/.gem/ruby/1.8/gems/actionpack-2.3.2/lib/action_controller/vendor/rack-1.0/rack/lock.rb:11:in `call'
    /Users/mikz/.gem/ruby/1.8/gems/actionpack-2.3.2/lib/action_controller/vendor/rack-1.0/rack/lock.rb:11:in `synchronize'
    /Users/mikz/.gem/ruby/1.8/gems/actionpack-2.3.2/lib/action_controller/vendor/rack-1.0/rack/lock.rb:11:in `call'
    /Users/mikz/.gem/ruby/1.8/gems/actionpack-2.3.2/lib/action_controller/dispatcher.rb:106:in `call'
    /Users/mikz/.gem/ruby/1.8/gems/actionpack-2.3.2/lib/action_controller/cgi_process.rb:44:in `dispatch_cgi'
    /Users/mikz/.gem/ruby/1.8/gems/actionpack-2.3.2/lib/action_controller/dispatcher.rb:102:in `dispatch_cgi'
    /Users/mikz/.gem/ruby/1.8/gems/actionpack-2.3.2/lib/action_controller/dispatcher.rb:28:in `dispatch'
    /Users/mikz/.gem/ruby/1.8/gems/mongrel-1.1.5/bin/../lib/mongrel/rails.rb:76:in `process'
    /Users/mikz/.gem/ruby/1.8/gems/mongrel-1.1.5/bin/../lib/mongrel/rails.rb:74:in `synchronize'
    /Users/mikz/.gem/ruby/1.8/gems/mongrel-1.1.5/bin/../lib/mongrel/rails.rb:74:in `process'
    /Users/mikz/.gem/ruby/1.8/gems/mongrel-1.1.5/bin/../lib/mongrel.rb:159:in `process_client'
    /Users/mikz/.gem/ruby/1.8/gems/mongrel-1.1.5/bin/../lib/mongrel.rb:158:in `each'
    /Users/mikz/.gem/ruby/1.8/gems/mongrel-1.1.5/bin/../lib/mongrel.rb:158:in `process_client'
    /Users/mikz/.gem/ruby/1.8/gems/mongrel-1.1.5/bin/../lib/mongrel.rb:285:in `run'
    /Users/mikz/.gem/ruby/1.8/gems/mongrel-1.1.5/bin/../lib/mongrel.rb:285:in `initialize'
    /Users/mikz/.gem/ruby/1.8/gems/mongrel-1.1.5/bin/../lib/mongrel.rb:285:in `new'
    /Users/mikz/.gem/ruby/1.8/gems/mongrel-1.1.5/bin/../lib/mongrel.rb:285:in `run'
    /Users/mikz/.gem/ruby/1.8/gems/mongrel-1.1.5/bin/../lib/mongrel.rb:268:in `initialize'
    /Users/mikz/.gem/ruby/1.8/gems/mongrel-1.1.5/bin/../lib/mongrel.rb:268:in `new'
    /Users/mikz/.gem/ruby/1.8/gems/mongrel-1.1.5/bin/../lib/mongrel.rb:268:in `run'
    /Users/mikz/.gem/ruby/1.8/gems/mongrel-1.1.5/bin/../lib/mongrel/configurator.rb:282:in `run'
    /Users/mikz/.gem/ruby/1.8/gems/mongrel-1.1.5/bin/../lib/mongrel/configurator.rb:281:in `each'
    /Users/mikz/.gem/ruby/1.8/gems/mongrel-1.1.5/bin/../lib/mongrel/configurator.rb:281:in `run'
    /Users/mikz/.gem/ruby/1.8/gems/mongrel-1.1.5/bin/mongrel_rails:128:in `run'
    /Users/mikz/.gem/ruby/1.8/gems/mongrel-1.1.5/bin/../lib/mongrel/command.rb:212:in `run'
    /Users/mikz/.gem/ruby/1.8/gems/mongrel-1.1.5/bin/mongrel_rails:281
    /Users/mikz/.gem/ruby/1.8/bin/mongrel_rails:19:in `load'
    /Users/mikz/.gem/ruby/1.8/bin/mongrel_rails:19
/!\ FAILSAFE /!\  Sat Apr 04 15:58:53 +0200 2009
  Status: 500 Internal Server Error
  FATAL:  database "datepicker_dev" does not exist

    /Users/mikz/.gem/ruby/1.8/gems/activerecord-2.3.2/lib/active_record/connection_adapters/postgresql_adapter.rb:916:in `initialize'
    /Users/mikz/.gem/ruby/1.8/gems/activerecord-2.3.2/lib/active_record/connection_adapters/postgresql_adapter.rb:916:in `connect'
    /Users/mikz/.gem/ruby/1.8/gems/activerecord-2.3.2/lib/active_record/connection_adapters/postgresql_adapter.rb:916:in `connect'
    /Users/mikz/.gem/ruby/1.8/gems/activerecord-2.3.2/lib/active_record/connection_adapters/postgresql_adapter.rb:210:in `initialize'
    /Users/mikz/.gem/ruby/1.8/gems/activerecord-2.3.2/lib/active_record/connection_adapters/postgresql_adapter.rb:37:in `new'
    /Users/mikz/.gem/ruby/1.8/gems/activerecord-2.3.2/lib/active_record/connection_adapters/postgresql_adapter.rb:37:in `postgresql_connection'
    /Users/mikz/.gem/ruby/1.8/gems/activerecord-2.3.2/lib/active_record/connection_adapters/abstract/connection_pool.rb:223:in `send'
    /Users/mikz/.gem/ruby/1.8/gems/activerecord-2.3.2/lib/active_record/connection_adapters/abstract/connection_pool.rb:223:in `new_connection'
    /Users/mikz/.gem/ruby/1.8/gems/activerecord-2.3.2/lib/active_record/connection_adapters/abstract/connection_pool.rb:245:in `checkout_new_connection'
    /Users/mikz/.gem/ruby/1.8/gems/activerecord-2.3.2/lib/active_record/connection_adapters/abstract/connection_pool.rb:188:in `checkout'
    /Users/mikz/.gem/ruby/1.8/gems/activerecord-2.3.2/lib/active_record/connection_adapters/abstract/connection_pool.rb:184:in `loop'
    /Users/mikz/.gem/ruby/1.8/gems/activerecord-2.3.2/lib/active_record/connection_adapters/abstract/connection_pool.rb:184:in `checkout'
    /opt/local/lib/ruby/1.8/monitor.rb:242:in `synchronize'
    /Users/mikz/.gem/ruby/1.8/gems/activerecord-2.3.2/lib/active_record/connection_adapters/abstract/connection_pool.rb:183:in `checkout'
    /Users/mikz/.gem/ruby/1.8/gems/activerecord-2.3.2/lib/active_record/connection_adapters/abstract/connection_pool.rb:98:in `connection'
    /Users/mikz/.gem/ruby/1.8/gems/activerecord-2.3.2/lib/active_record/connection_adapters/abstract/connection_pool.rb:326:in `retrieve_connection'
    /Users/mikz/.gem/ruby/1.8/gems/activerecord-2.3.2/lib/active_record/connection_adapters/abstract/connection_specification.rb:123:in `retrieve_connection'
    /Users/mikz/.gem/ruby/1.8/gems/activerecord-2.3.2/lib/active_record/connection_adapters/abstract/connection_specification.rb:115:in `connection'
    /Users/mikz/.gem/ruby/1.8/gems/activerecord-2.3.2/lib/active_record/query_cache.rb:9:in `cache'
    /Users/mikz/.gem/ruby/1.8/gems/activerecord-2.3.2/lib/active_record/query_cache.rb:28:in `call'
    /Users/mikz/.gem/ruby/1.8/gems/activerecord-2.3.2/lib/active_record/connection_adapters/abstract/connection_pool.rb:361:in `call'
    /Users/mikz/.gem/ruby/1.8/gems/actionpack-2.3.2/lib/action_controller/vendor/rack-1.0/rack/head.rb:9:in `call'
    /Users/mikz/.gem/ruby/1.8/gems/actionpack-2.3.2/lib/action_controller/vendor/rack-1.0/rack/methodoverride.rb:24:in `call'
    /Users/mikz/.gem/ruby/1.8/gems/actionpack-2.3.2/lib/action_controller/params_parser.rb:15:in `call'
    /Users/mikz/.gem/ruby/1.8/gems/actionpack-2.3.2/lib/action_controller/rewindable_input.rb:25:in `call'
    /Users/mikz/.gem/ruby/1.8/gems/actionpack-2.3.2/lib/action_controller/session/cookie_store.rb:93:in `call'
    /Users/mikz/.gem/ruby/1.8/gems/actionpack-2.3.2/lib/action_controller/reloader.rb:9:in `call'
    /Users/mikz/.gem/ruby/1.8/gems/actionpack-2.3.2/lib/action_controller/failsafe.rb:11:in `call'
    /Users/mikz/.gem/ruby/1.8/gems/actionpack-2.3.2/lib/action_controller/vendor/rack-1.0/rack/lock.rb:11:in `call'
    /Users/mikz/.gem/ruby/1.8/gems/actionpack-2.3.2/lib/action_controller/vendor/rack-1.0/rack/lock.rb:11:in `synchronize'
    /Users/mikz/.gem/ruby/1.8/gems/actionpack-2.3.2/lib/action_controller/vendor/rack-1.0/rack/lock.rb:11:in `call'
    /Users/mikz/.gem/ruby/1.8/gems/actionpack-2.3.2/lib/action_controller/dispatcher.rb:106:in `call'
    /Users/mikz/.gem/ruby/1.8/gems/actionpack-2.3.2/lib/action_controller/cgi_process.rb:44:in `dispatch_cgi'
    /Users/mikz/.gem/ruby/1.8/gems/actionpack-2.3.2/lib/action_controller/dispatcher.rb:102:in `dispatch_cgi'
    /Users/mikz/.gem/ruby/1.8/gems/actionpack-2.3.2/lib/action_controller/dispatcher.rb:28:in `dispatch'
    /Users/mikz/.gem/ruby/1.8/gems/mongrel-1.1.5/bin/../lib/mongrel/rails.rb:76:in `process'
    /Users/mikz/.gem/ruby/1.8/gems/mongrel-1.1.5/bin/../lib/mongrel/rails.rb:74:in `synchronize'
    /Users/mikz/.gem/ruby/1.8/gems/mongrel-1.1.5/bin/../lib/mongrel/rails.rb:74:in `process'
    /Users/mikz/.gem/ruby/1.8/gems/mongrel-1.1.5/bin/../lib/mongrel.rb:159:in `process_client'
    /Users/mikz/.gem/ruby/1.8/gems/mongrel-1.1.5/bin/../lib/mongrel.rb:158:in `each'
    /Users/mikz/.gem/ruby/1.8/gems/mongrel-1.1.5/bin/../lib/mongrel.rb:158:in `process_client'
    /Users/mikz/.gem/ruby/1.8/gems/mongrel-1.1.5/bin/../lib/mongrel.rb:285:in `run'
    /Users/mikz/.gem/ruby/1.8/gems/mongrel-1.1.5/bin/../lib/mongrel.rb:285:in `initialize'
    /Users/mikz/.gem/ruby/1.8/gems/mongrel-1.1.5/bin/../lib/mongrel.rb:285:in `new'
    /Users/mikz/.gem/ruby/1.8/gems/mongrel-1.1.5/bin/../lib/mongrel.rb:285:in `run'
    /Users/mikz/.gem/ruby/1.8/gems/mongrel-1.1.5/bin/../lib/mongrel.rb:268:in `initialize'
    /Users/mikz/.gem/ruby/1.8/gems/mongrel-1.1.5/bin/../lib/mongrel.rb:268:in `new'
    /Users/mikz/.gem/ruby/1.8/gems/mongrel-1.1.5/bin/../lib/mongrel.rb:268:in `run'
    /Users/mikz/.gem/ruby/1.8/gems/mongrel-1.1.5/bin/../lib/mongrel/configurator.rb:282:in `run'
    /Users/mikz/.gem/ruby/1.8/gems/mongrel-1.1.5/bin/../lib/mongrel/configurator.rb:281:in `each'
    /Users/mikz/.gem/ruby/1.8/gems/mongrel-1.1.5/bin/../lib/mongrel/configurator.rb:281:in `run'
    /Users/mikz/.gem/ruby/1.8/gems/mongrel-1.1.5/bin/mongrel_rails:128:in `run'
    /Users/mikz/.gem/ruby/1.8/gems/mongrel-1.1.5/bin/../lib/mongrel/command.rb:212:in `run'
    /Users/mikz/.gem/ruby/1.8/gems/mongrel-1.1.5/bin/mongrel_rails:281
    /Users/mikz/.gem/ruby/1.8/bin/mongrel_rails:19:in `load'
    /Users/mikz/.gem/ruby/1.8/bin/mongrel_rails:19
